<?xml version="1.0" encoding="UTF-8"?>
<!-- Generated by org.testng.reporters.JUnitReportReporter -->
<testsuite hostname="DESKTOP-C3026HC" failures="0" tests="1" name="com.prac.AppTest" time="0.015" errors="0" timestamp="2022-06-01T08:02:04 IST" skipped="0">
  <testcase classname="com.prac.AppTest" name="testApp" time="0.015"/>
  <system-out/>
</testsuite> <!-- com.prac.AppTest -->
