<?xml version="1.0" encoding="UTF-8"?>
<testsuite xmlns:xsi="http://www.w3.org/2001/XMLSchema-instance" xsi:noNamespaceSchemaLocation="https://maven.apache.org/surefire/maven-surefire-plugin/xsd/surefire-test-report.xsd" name="com.prac.AppTest" time="0.418" tests="1" errors="0" skipped="0" failures="0">
  <properties>
    <property name="java.specification.version" value="15"/>
    <property name="sun.cpu.isalist" value="amd64"/>
    <property name="sun.jnu.encoding" value="Cp1252"/>
    <property name="java.class.path" value="D:\Abhi\springprac\spring\target\test-classes;D:\Abhi\springprac\spring\target\classes;C:\Users\major\.m2\repository\junit\junit\3.8.1\junit-3.8.1.jar;C:\Users\major\.m2\repository\org\springframework\spring-core\5.3.14\spring-core-5.3.14.jar;C:\Users\major\.m2\repository\org\springframework\spring-jcl\5.3.14\spring-jcl-5.3.14.jar;C:\Users\major\.m2\repository\org\springframework\spring-webmvc\5.3.14\spring-webmvc-5.3.14.jar;C:\Users\major\.m2\repository\org\springframework\spring-aop\5.3.14\spring-aop-5.3.14.jar;C:\Users\major\.m2\repository\org\springframework\spring-beans\5.3.14\spring-beans-5.3.14.jar;C:\Users\major\.m2\repository\org\springframework\spring-context\5.3.14\spring-context-5.3.14.jar;C:\Users\major\.m2\repository\org\springframework\spring-expression\5.3.14\spring-expression-5.3.14.jar;C:\Users\major\.m2\repository\org\springframework\spring-web\5.3.14\spring-web-5.3.14.jar;C:\Users\major\.m2\repository\javax\servlet\javax.servlet-api\4.0.1\javax.servlet-api-4.0.1.jar;C:\Users\major\.m2\repository\com\googlecode\json-simple\json-simple\1.1\json-simple-1.1.jar;C:\Users\major\.m2\repository\org\testng\testng\7.5\testng-7.5.jar;C:\Users\major\.m2\repository\com\google\code\findbugs\jsr305\3.0.1\jsr305-3.0.1.jar;C:\Users\major\.m2\repository\org\slf4j\slf4j-api\1.7.32\slf4j-api-1.7.32.jar;C:\Users\major\.m2\repository\com\beust\jcommander\1.78\jcommander-1.78.jar;C:\Users\major\.m2\repository\org\webjars\jquery\3.5.1\jquery-3.5.1.jar;C:\Users\major\.m2\repository\org\springframework\spring-jdbc\5.3.14\spring-jdbc-5.3.14.jar;C:\Users\major\.m2\repository\org\springframework\spring-tx\5.3.14\spring-tx-5.3.14.jar;C:\Users\major\.m2\repository\mysql\mysql-connector-java\8.0.27\mysql-connector-java-8.0.27.jar;C:\Users\major\.m2\repository\com\google\protobuf\protobuf-java\3.11.4\protobuf-java-3.11.4.jar;C:\Users\major\.m2\repository\org\apache\tomcat\tomcat-catalina\10.0.16\tomcat-catalina-10.0.16.jar;C:\Users\major\.m2\repository\org\apache\tomcat\tomcat-servlet-api\10.0.16\tomcat-servlet-api-10.0.16.jar;C:\Users\major\.m2\repository\org\apache\tomcat\tomcat-jsp-api\10.0.16\tomcat-jsp-api-10.0.16.jar;C:\Users\major\.m2\repository\org\apache\tomcat\tomcat-el-api\10.0.16\tomcat-el-api-10.0.16.jar;C:\Users\major\.m2\repository\org\apache\tomcat\tomcat-juli\10.0.16\tomcat-juli-10.0.16.jar;C:\Users\major\.m2\repository\org\apache\tomcat\tomcat-annotations-api\10.0.16\tomcat-annotations-api-10.0.16.jar;C:\Users\major\.m2\repository\org\apache\tomcat\tomcat-api\10.0.16\tomcat-api-10.0.16.jar;C:\Users\major\.m2\repository\org\apache\tomcat\tomcat-jni\10.0.16\tomcat-jni-10.0.16.jar;C:\Users\major\.m2\repository\org\apache\tomcat\tomcat-coyote\10.0.16\tomcat-coyote-10.0.16.jar;C:\Users\major\.m2\repository\org\apache\tomcat\tomcat-util\10.0.16\tomcat-util-10.0.16.jar;C:\Users\major\.m2\repository\org\apache\tomcat\tomcat-util-scan\10.0.16\tomcat-util-scan-10.0.16.jar;C:\Users\major\.m2\repository\org\apache\tomcat\tomcat-jaspic-api\10.0.16\tomcat-jaspic-api-10.0.16.jar;"/>
    <property name="java.vm.vendor" value="Oracle Corporation"/>
    <property name="sun.arch.data.model" value="64"/>
    <property name="user.variant" value=""/>
    <property name="java.vendor.url" value="https://java.oracle.com/"/>
    <property name="user.timezone" value="Asia/Calcutta"/>
    <property name="os.name" value="Windows 10"/>
    <property name="java.vm.specification.version" value="15"/>
    <property name="sun.java.launcher" value="SUN_STANDARD"/>
    <property name="user.country" value="IN"/>
    <property name="sun.boot.library.path" value="C:\Program Files\Java\jdk-15.0.2\bin"/>
    <property name="sun.java.command" value="C:\Users\major\AppData\Local\Temp\surefire14985172740136926667\surefirebooter9781542829144280130.jar C:\Users\major\AppData\Local\Temp\surefire14985172740136926667 2022-06-01T08-02-03_246-jvmRun1 surefire17003633243747278601tmp surefire_03211003417033098298tmp"/>
    <property name="jdk.debug" value="release"/>
    <property name="surefire.test.class.path" value="D:\Abhi\springprac\spring\target\test-classes;D:\Abhi\springprac\spring\target\classes;C:\Users\major\.m2\repository\junit\junit\3.8.1\junit-3.8.1.jar;C:\Users\major\.m2\repository\org\springframework\spring-core\5.3.14\spring-core-5.3.14.jar;C:\Users\major\.m2\repository\org\springframework\spring-jcl\5.3.14\spring-jcl-5.3.14.jar;C:\Users\major\.m2\repository\org\springframework\spring-webmvc\5.3.14\spring-webmvc-5.3.14.jar;C:\Users\major\.m2\repository\org\springframework\spring-aop\5.3.14\spring-aop-5.3.14.jar;C:\Users\major\.m2\repository\org\springframework\spring-beans\5.3.14\spring-beans-5.3.14.jar;C:\Users\major\.m2\repository\org\springframework\spring-context\5.3.14\spring-context-5.3.14.jar;C:\Users\major\.m2\repository\org\springframework\spring-expression\5.3.14\spring-expression-5.3.14.jar;C:\Users\major\.m2\repository\org\springframework\spring-web\5.3.14\spring-web-5.3.14.jar;C:\Users\major\.m2\repository\javax\servlet\javax.servlet-api\4.0.1\javax.servlet-api-4.0.1.jar;C:\Users\major\.m2\repository\com\googlecode\json-simple\json-simple\1.1\json-simple-1.1.jar;C:\Users\major\.m2\repository\org\testng\testng\7.5\testng-7.5.jar;C:\Users\major\.m2\repository\com\google\code\findbugs\jsr305\3.0.1\jsr305-3.0.1.jar;C:\Users\major\.m2\repository\org\slf4j\slf4j-api\1.7.32\slf4j-api-1.7.32.jar;C:\Users\major\.m2\repository\com\beust\jcommander\1.78\jcommander-1.78.jar;C:\Users\major\.m2\repository\org\webjars\jquery\3.5.1\jquery-3.5.1.jar;C:\Users\major\.m2\repository\org\springframework\spring-jdbc\5.3.14\spring-jdbc-5.3.14.jar;C:\Users\major\.m2\repository\org\springframework\spring-tx\5.3.14\spring-tx-5.3.14.jar;C:\Users\major\.m2\repository\mysql\mysql-connector-java\8.0.27\mysql-connector-java-8.0.27.jar;C:\Users\major\.m2\repository\com\google\protobuf\protobuf-java\3.11.4\protobuf-java-3.11.4.jar;C:\Users\major\.m2\repository\org\apache\tomcat\tomcat-catalina\10.0.16\tomcat-catalina-10.0.16.jar;C:\Users\major\.m2\repository\org\apache\tomcat\tomcat-servlet-api\10.0.16\tomcat-servlet-api-10.0.16.jar;C:\Users\major\.m2\repository\org\apache\tomcat\tomcat-jsp-api\10.0.16\tomcat-jsp-api-10.0.16.jar;C:\Users\major\.m2\repository\org\apache\tomcat\tomcat-el-api\10.0.16\tomcat-el-api-10.0.16.jar;C:\Users\major\.m2\repository\org\apache\tomcat\tomcat-juli\10.0.16\tomcat-juli-10.0.16.jar;C:\Users\major\.m2\repository\org\apache\tomcat\tomcat-annotations-api\10.0.16\tomcat-annotations-api-10.0.16.jar;C:\Users\major\.m2\repository\org\apache\tomcat\tomcat-api\10.0.16\tomcat-api-10.0.16.jar;C:\Users\major\.m2\repository\org\apache\tomcat\tomcat-jni\10.0.16\tomcat-jni-10.0.16.jar;C:\Users\major\.m2\repository\org\apache\tomcat\tomcat-coyote\10.0.16\tomcat-coyote-10.0.16.jar;C:\Users\major\.m2\repository\org\apache\tomcat\tomcat-util\10.0.16\tomcat-util-10.0.16.jar;C:\Users\major\.m2\repository\org\apache\tomcat\tomcat-util-scan\10.0.16\tomcat-util-scan-10.0.16.jar;C:\Users\major\.m2\repository\org\apache\tomcat\tomcat-jaspic-api\10.0.16\tomcat-jaspic-api-10.0.16.jar;"/>
    <property name="sun.cpu.endian" value="little"/>
    <property name="user.home" value="C:\Users\major"/>
    <property name="user.language" value="en"/>
    <property name="java.specification.vendor" value="Oracle Corporation"/>
    <property name="java.version.date" value="2021-01-19"/>
    <property name="java.home" value="C:\Program Files\Java\jdk-15.0.2"/>
    <property name="file.separator" value="\"/>
    <property name="basedir" value="D:\Abhi\springprac\spring"/>
    <property name="java.vm.compressedOopsMode" value="32-bit"/>
    <property name="line.separator" value="&#10;"/>
    <property name="java.vm.specification.vendor" value="Oracle Corporation"/>
    <property name="java.specification.name" value="Java Platform API Specification"/>
    <property name="surefire.real.class.path" value="C:\Users\major\AppData\Local\Temp\surefire14985172740136926667\surefirebooter9781542829144280130.jar"/>
    <property name="user.script" value=""/>
    <property name="sun.management.compiler" value="HotSpot 64-Bit Tiered Compilers"/>
    <property name="java.runtime.version" value="15.0.2+7-27"/>
    <property name="user.name" value="major"/>
    <property name="path.separator" value=";"/>
    <property name="os.version" value="10.0"/>
    <property name="java.runtime.name" value="Java(TM) SE Runtime Environment"/>
    <property name="file.encoding" value="Cp1252"/>
    <property name="java.vm.name" value="Java HotSpot(TM) 64-Bit Server VM"/>
    <property name="localRepository" value="C:\Users\major\.m2\repository"/>
    <property name="java.vendor.url.bug" value="https://bugreport.java.com/bugreport/"/>
    <property name="java.io.tmpdir" value="C:\Users\major\AppData\Local\Temp\"/>
    <property name="java.version" value="15.0.2"/>
    <property name="user.dir" value="D:\Abhi\springprac\spring"/>
    <property name="os.arch" value="amd64"/>
    <property name="java.vm.specification.name" value="Java Virtual Machine Specification"/>
    <property name="sun.os.patch.level" value=""/>
    <property name="java.library.path" value="C:\Program Files\Java\jdk-15.0.2\bin;C:\Windows\Sun\Java\bin;C:\Windows\system32;C:\Windows;C:\Program Files\Common Files\Oracle\Java\javapath;C:\Windows\system32;C:\Windows;C:\Windows\System32\Wbem;C:\Windows\System32\WindowsPowerShell\v1.0\;C:\Windows\System32\OpenSSH\;C:\Program Files\Java\jdk-15.0.2\bin;C:\Program Files\Java\apache-maven-3.8.5\bin;C:\Program Files\Git\cmd;C:\Users\major\AppData\Local\Microsoft\WindowsApps;C:\Users\major\AppData\Local\Programs\Microsoft VS Code\bin;C:\Users\major\AppData\Local\GitHubDesktop\bin;."/>
    <property name="java.vm.info" value="mixed mode, sharing"/>
    <property name="java.vendor" value="Oracle Corporation"/>
    <property name="java.vm.version" value="15.0.2+7-27"/>
    <property name="sun.io.unicode.encoding" value="UnicodeLittle"/>
    <property name="java.class.version" value="59.0"/>
  </properties>
  <testcase name="testApp on testApp(com.prac.AppTest)" classname="com.prac.AppTest" time="0.261"/>
</testsuite>